This is pdfTeX, Version 3.1415926-1.40.10 (MiKTeX 2.8) (preloaded format=latex 2010.12.20)  29 AUG 2011 16:13
entering extended mode
**mram.tex
("D:\My research\00current\MICRO 2011\crmae\mram.tex"
LaTeX2e <2009/09/24>
Babel <v3.8l> and hyphenation patterns for english, dumylang, nohyphenation, ge
rman, ngerman, german-x-2009-06-19, ngerman-x-2009-06-19, french, loaded.
(C:\CTEX\MiKTeX\tex\latex\base\article.cls
Document Class: article 2007/10/19 v1.4h Standard LaTeX document class
(C:\CTEX\MiKTeX\tex\latex\base\size12.clo
File: size12.clo 2007/10/19 v1.4h Standard LaTeX file (size option)
)
\c@part=\count79
\c@section=\count80
\c@subsection=\count81
\c@subsubsection=\count82
\c@paragraph=\count83
\c@subparagraph=\count84
\c@figure=\count85
\c@table=\count86
\abovecaptionskip=\skip41
\belowcaptionskip=\skip42
\bibindent=\dimen102
)
(C:\CTEX\MiKTeX\tex\latex\setspace\setspace.sty
Package: setspace 2000/12/01 6.7 Contributed and Supported LaTeX2e package

Package: `setspace' 6.7 <2000/12/01>
) ("D:\My research\00current\MICRO 2011\crmae\iccv.sty"
("D:\My research\00current\MICRO 2011\crmae\eso-pic.sty"
Package: eso-pic 2002/11/16 v1.1b eso-pic (RN)

("D:\My research\00current\MICRO 2011\crmae\iccv_eso.sty"

LaTeX Warning: You have requested package `eso-pic',
               but the package provides `everyshi'.

Package: everyshi 2001/05/15 v3.00 EveryShipout Package (MS)
) (C:\CTEX\MiKTeX\tex\latex\graphics\keyval.sty
Package: keyval 1999/03/16 v1.13 key=value parser (DPC)
\KV@toks@=\toks14
))
(C:\CTEX\MiKTeX\tex\latex\tools\xspace.sty
Package: xspace 2006/05/08 v1.12 Space after command names (DPC,MH)
)
HPCA 8.5 x 11-Inch Proceedings Style `iccv.sty'.
\@ctmp=\skip43
\@figindent=\skip44
\iccvrulerbox=\box26
\iccvrulercount=\count87
\iccvruleroffset=\dimen103
\cv@lineheight=\dimen104
\cv@boxheight=\dimen105
\cv@tmpbox=\box27
\cv@refno=\count88
\cv@tot=\count89
\cv@tmpc@=\count90
\cv@tmpc=\count91
) (C:\CTEX\MiKTeX\tex\latex\psnfss\times.sty
Package: times 2005/04/12 PSNFSS-v9.2a (SPQR) 
)
(C:\CTEX\MiKTeX\tex\latex\subfigure\subfigure.sty
Package: subfigure 2002/07/30 v2.1.4 subfigure package
\subfigtopskip=\skip45
\subfigcapskip=\skip46
\subfigcaptopadj=\dimen106
\subfigbottomskip=\skip47
\subfigcapmargin=\dimen107
\subfiglabelskip=\skip48
\c@subfigure=\count92
\c@lofdepth=\count93
\c@subtable=\count94
\c@lotdepth=\count95

****************************************
* Local config file subfigure.cfg used *
****************************************
(C:\CTEX\MiKTeX\tex\latex\subfigure\subfigure.cfg)
\subfig@top=\skip49
\subfig@bottom=\skip50
)
(C:\CTEX\MiKTeX\tex\latex\multirow\multirow.sty
\bigstrutjot=\dimen108
)
(C:\CTEX\MiKTeX\tex\latex\tools\multicol.sty
Package: multicol 2008/12/05 v1.6h multicolumn formatting (FMi)
\c@tracingmulticols=\count96
\mult@box=\box28
\multicol@leftmargin=\dimen109
\c@unbalance=\count97
\c@collectmore=\count98
\doublecol@number=\count99
\multicoltolerance=\count100
\multicolpretolerance=\count101
\full@width=\dimen110
\page@free=\dimen111
\premulticols=\dimen112
\postmulticols=\dimen113
\multicolsep=\skip51
\multicolbaselineskip=\skip52
\partial@page=\box29
\last@line=\box30
\mult@rightbox=\box31
\mult@grightbox=\box32
\mult@gfirstbox=\box33
\mult@firstbox=\box34
\@tempa=\box35
\@tempa=\box36
\@tempa=\box37
\@tempa=\box38
\@tempa=\box39
\@tempa=\box40
\@tempa=\box41
\@tempa=\box42
\@tempa=\box43
\@tempa=\box44
\@tempa=\box45
\@tempa=\box46
\@tempa=\box47
\@tempa=\box48
\@tempa=\box49
\@tempa=\box50
\@tempa=\box51
\c@columnbadness=\count102
\c@finalcolumnbadness=\count103
\last@try=\dimen114
\multicolovershoot=\dimen115
\multicolundershoot=\dimen116
\mult@nat@firstbox=\box52
\colbreak@box=\box53
)
(C:\CTEX\MiKTeX\tex\latex\wrapfig\wrapfig.sty
\wrapoverhang=\dimen117
\WF@size=\dimen118
\c@WF@wrappedlines=\count104
\WF@box=\box54
\WF@everypar=\toks15
Package: wrapfig 2003/01/31  v 3.6
)
(C:\CTEX\MiKTeX\tex\latex\graphics\epsfig.sty
Package: epsfig 1999/02/16 v1.7a (e)psfig emulation (SPQR)

(C:\CTEX\MiKTeX\tex\latex\graphics\graphicx.sty
Package: graphicx 1999/02/16 v1.0f Enhanced LaTeX Graphics (DPC,SPQR)

(C:\CTEX\MiKTeX\tex\latex\graphics\graphics.sty
Package: graphics 2009/02/05 v1.0o Standard LaTeX Graphics (DPC,SPQR)

(C:\CTEX\MiKTeX\tex\latex\graphics\trig.sty
Package: trig 1999/03/16 v1.09 sin cos tan (DPC)
)
(C:\CTEX\MiKTeX\tex\latex\00miktex\graphics.cfg
File: graphics.cfg 2007/01/18 v1.5 graphics configuration of teTeX/TeXLive
)
Package graphics Info: Driver file: dvips.def on input line 91.

(C:\CTEX\MiKTeX\tex\latex\graphics\dvips.def
File: dvips.def 1999/02/16 v3.0i Driver-dependant file (DPC,SPQR)
))
\Gin@req@height=\dimen119
\Gin@req@width=\dimen120
)
\epsfxsize=\dimen121
\epsfysize=\dimen122
)
(C:\CTEX\MiKTeX\tex\latex\ams\math\amsmath.sty
Package: amsmath 2000/07/18 v2.13 AMS math features
\@mathmargin=\skip53

For additional information on amsmath, use the `?' option.
(C:\CTEX\MiKTeX\tex\latex\ams\math\amstext.sty
Package: amstext 2000/06/29 v2.01

(C:\CTEX\MiKTeX\tex\latex\ams\math\amsgen.sty
File: amsgen.sty 1999/11/30 v2.0
\@emptytoks=\toks16
\ex@=\dimen123
))
(C:\CTEX\MiKTeX\tex\latex\ams\math\amsbsy.sty
Package: amsbsy 1999/11/29 v1.2d
\pmbraise@=\dimen124
)
(C:\CTEX\MiKTeX\tex\latex\ams\math\amsopn.sty
Package: amsopn 1999/12/14 v2.01 operator names
)
\inf@bad=\count105
LaTeX Info: Redefining \frac on input line 211.
\uproot@=\count106
\leftroot@=\count107
LaTeX Info: Redefining \overline on input line 307.
\classnum@=\count108
\DOTSCASE@=\count109
LaTeX Info: Redefining \ldots on input line 379.
LaTeX Info: Redefining \dots on input line 382.
LaTeX Info: Redefining \cdots on input line 467.
\Mathstrutbox@=\box55
\strutbox@=\box56
\big@size=\dimen125
LaTeX Font Info:    Redeclaring font encoding OML on input line 567.
LaTeX Font Info:    Redeclaring font encoding OMS on input line 568.
\macc@depth=\count110
\c@MaxMatrixCols=\count111
\dotsspace@=\muskip10
\c@parentequation=\count112
\dspbrk@lvl=\count113
\tag@help=\toks17
\row@=\count114
\column@=\count115
\maxfields@=\count116
\andhelp@=\toks18
\eqnshift@=\dimen126
\alignsep@=\dimen127
\tagshift@=\dimen128
\tagwidth@=\dimen129
\totwidth@=\dimen130
\lineht@=\dimen131
\@envbody=\toks19
\multlinegap=\skip54
\multlinetaggap=\skip55
\mathdisplay@stack=\toks20
LaTeX Info: Redefining \[ on input line 2666.
LaTeX Info: Redefining \] on input line 2667.
)
(C:\CTEX\MiKTeX\tex\latex\amsfonts\amssymb.sty
Package: amssymb 2009/06/22 v3.00

(C:\CTEX\MiKTeX\tex\latex\amsfonts\amsfonts.sty
Package: amsfonts 2009/06/22 v3.00 Basic AMSFonts support
\symAMSa=\mathgroup4
\symAMSb=\mathgroup5
LaTeX Font Info:    Overwriting math alphabet `\mathfrak' in version `bold'
(Font)                  U/euf/m/n --> U/euf/b/n on input line 96.
))
(C:\CTEX\MiKTeX\tex\latex\psnfss\pifont.sty
Package: pifont 2005/04/12 PSNFSS-v9.2a Pi font support (SPQR) 
LaTeX Font Info:    Try loading font information for U+pzd on input line 63.

(C:\CTEX\MiKTeX\tex\latex\psnfss\upzd.fd
File: upzd.fd 2001/06/04 font definitions for U/pzd.
)
LaTeX Font Info:    Try loading font information for U+psy on input line 64.

(C:\CTEX\MiKTeX\tex\latex\psnfss\upsy.fd
File: upsy.fd 2001/06/04 font definitions for U/psy.
))
(C:\CTEX\MiKTeX\tex\latex\hyperref\hyperref.sty
Package: hyperref 2010/01/16 v6.80c Hypertext links for LaTeX

(C:\CTEX\MiKTeX\tex\generic\oberdiek\kvsetkeys.sty
Package: kvsetkeys 2009/12/22 v1.7 Key value parser (HO)

(C:\CTEX\MiKTeX\tex\generic\oberdiek\infwarerr.sty
Package: infwarerr 2007/09/09 v1.2 Providing info/warning/message (HO)
)
(C:\CTEX\MiKTeX\tex\generic\oberdiek\etexcmds.sty
Package: etexcmds 2007/12/12 v1.2 Prefix for e-TeX command names (HO)
Package etexcmds Info: Could not find \expanded.
(etexcmds)             That can mean that you are not using pdfTeX 1.50 or
(etexcmds)             that some package has redefined \expanded.
(etexcmds)             In the latter case, load this package earlier.
))
(C:\CTEX\MiKTeX\tex\generic\oberdiek\pdfescape.sty
Package: pdfescape 2007/11/11 v1.8 Provides hex, PDF name and string conversion
s (HO)

(C:\CTEX\MiKTeX\tex\generic\oberdiek\pdftexcmds.sty
Package: pdftexcmds 2009/12/12 v0.7 Utility functions of pdfTeX for LuaTeX (HO)


(C:\CTEX\MiKTeX\tex\generic\oberdiek\ifluatex.sty
Package: ifluatex 2009/04/17 v1.2 Provides the ifluatex switch (HO)
Package ifluatex Info: LuaTeX not detected.
)
(C:\CTEX\MiKTeX\tex\generic\oberdiek\ltxcmds.sty
Package: ltxcmds 2009/12/12 v1.1 LaTeX kernel commands for general use (HO)
)
Package pdftexcmds Info: LuaTeX not detected.
Package pdftexcmds Info: \pdf@primitive is available.
Package pdftexcmds Info: \pdf@ifprimitive is available.
))
(C:\CTEX\MiKTeX\tex\generic\oberdiek\ifpdf.sty
Package: ifpdf 2009/04/10 v2.0 Provides the ifpdf switch (HO)
Package ifpdf Info: pdfTeX in pdf mode not detected.
)
(C:\CTEX\MiKTeX\tex\generic\oberdiek\ifvtex.sty
Package: ifvtex 2008/11/04 v1.4 Switches for detecting VTeX and its modes (HO)
Package ifvtex Info: VTeX not detected.
)
(C:\CTEX\MiKTeX\tex\latex\ifxetex\ifxetex.sty
Package: ifxetex 2009/01/23 v0.5 Provides ifxetex conditional
)
(C:\CTEX\MiKTeX\tex\latex\oberdiek\hycolor.sty
Package: hycolor 2009/12/12 v1.6 Color options of hyperref/bookmark (HO)

(C:\CTEX\MiKTeX\tex\latex\oberdiek\xcolor-patch.sty
Package: xcolor-patch 2009/12/12 xcolor patch
))
\@linkdim=\dimen132
\Hy@linkcounter=\count117
\Hy@pagecounter=\count118

(C:\CTEX\MiKTeX\tex\latex\hyperref\pd1enc.def
File: pd1enc.def 2010/01/16 v6.80c Hyperref: PDFDocEncoding definition (HO)
)
(C:\CTEX\MiKTeX\tex\generic\oberdiek\intcalc.sty
Package: intcalc 2007/09/27 v1.1 Expandable integer calculations (HO)
)
(C:\CTEX\MiKTeX\tex\latex\00miktex\hyperref.cfg
File: hyperref.cfg 2002/06/06 v1.2 hyperref configuration of TeXLive
)
(C:\CTEX\MiKTeX\tex\latex\oberdiek\kvoptions.sty
Package: kvoptions 2009/12/08 v3.6 Keyval support for LaTeX options (HO)
)
Package hyperref Info: Option `breaklinks' set `true' on input line 3209.


Package hyperref Warning: Option `letterpaper' is no longer used.

Package hyperref Info: Option `colorlinks' set `true' on input line 3209.
Package hyperref Info: Option `bookmarks' set `false' on input line 3209.
Package hyperref Info: Hyper figures OFF on input line 3290.
Package hyperref Info: Link nesting OFF on input line 3295.
Package hyperref Info: Hyper index ON on input line 3298.
Package hyperref Info: Plain pages OFF on input line 3305.
Package hyperref Info: Backreferencing ON on input line 3308.
Implicit mode ON; LaTeX internals redefined
Package hyperref Info: Bookmarks OFF on input line 3512.
(C:\CTEX\MiKTeX\tex\latex\hyperref\backref.sty
Package: backref 2010/01/16 v1.33 Bibliographical back referencing

(C:\CTEX\MiKTeX\tex\generic\oberdiek\rerunfilecheck.sty
Package: rerunfilecheck 2009/12/18 v1.2 Rerun checks for auxiliary files (HO)

(C:\CTEX\MiKTeX\tex\generic\oberdiek\atveryend.sty
Package: atveryend 2009/12/11 v1.3 Hooks at very end of document (HO)
Package atveryend Info: \enddocument detected (standard).
)
(C:\CTEX\MiKTeX\tex\generic\oberdiek\uniquecounter.sty
Package: uniquecounter 2009/12/18 v1.1 Provides unlimited unique counter (HO)

(C:\CTEX\MiKTeX\tex\generic\oberdiek\bigintcalc.sty
Package: bigintcalc 2007/11/11 v1.1 Expandable big integer calculations (HO)
))
Package uniquecounter Info: New unique counter `rerunfilecheck' on input line 3
26.
))
(C:\CTEX\MiKTeX\tex\latex\ltxmisc\url.sty
\Urlmuskip=\muskip11
Package: url 2006/04/12  ver 3.3  Verb mode for urls, etc.
)
LaTeX Info: Redefining \url on input line 3743.

(C:\CTEX\MiKTeX\tex\generic\oberdiek\bitset.sty
Package: bitset 2007/09/28 v1.0 Data type bit set (HO)
)
\Fld@menulength=\count119
\Field@Width=\dimen133
\Fld@charsize=\dimen134
\Field@toks=\toks21
Package hyperref Info: Hyper figures OFF on input line 4702.
Package hyperref Info: Link nesting OFF on input line 4707.
Package hyperref Info: Hyper index ON on input line 4710.
Package hyperref Info: backreferencing ON on input line 4715.
Package hyperref Info: Link coloring ON on input line 4720.
Package hyperref Info: Link coloring with OCG OFF on input line 4727.
Package hyperref Info: PDF/A mode OFF on input line 4732.

(C:\CTEX\MiKTeX\tex\generic\oberdiek\atbegshi.sty
Package: atbegshi 2009/12/02 v1.10 At begin shipout hook (HO)
)
\Hy@abspage=\count120
\c@Item=\count121
\c@Hfootnote=\count122
)
*hyperref using default driver hdvips*
(C:\CTEX\MiKTeX\tex\latex\hyperref\hdvips.def
File: hdvips.def 2010/01/16 v6.80c Hyperref driver for dvips

(C:\CTEX\MiKTeX\tex\latex\hyperref\pdfmark.def
File: pdfmark.def 2010/01/16 v6.80c Hyperref definitions for pdfmark specials


Package hyperref Warning: You have enabled option `breaklinks'.
(hyperref)                But driver `hdvips.def' does not suppport this.
(hyperref)                Expect trouble with the link areas of broken links.

\pdf@docset=\toks22
\pdf@box=\box57
\pdf@toks=\toks23
\pdf@defaulttoks=\toks24
\Fld@listcount=\count123
\c@bookmark@seq@number=\count124
\Hy@SectionHShift=\skip56
))
Package hyperref Info: Option `colorlinks' set `true' on input line 52.
 ("D:\My research\00current\MICRO 2011\crmae\mram.aux")
LaTeX Font Info:    Checking defaults for OML/cmm/m/it on input line 62.
LaTeX Font Info:    ... okay on input line 62.
LaTeX Font Info:    Checking defaults for T1/cmr/m/n on input line 62.
LaTeX Font Info:    ... okay on input line 62.
LaTeX Font Info:    Checking defaults for OT1/cmr/m/n on input line 62.
LaTeX Font Info:    ... okay on input line 62.
LaTeX Font Info:    Checking defaults for OMS/cmsy/m/n on input line 62.
LaTeX Font Info:    ... okay on input line 62.
LaTeX Font Info:    Checking defaults for OMX/cmex/m/n on input line 62.
LaTeX Font Info:    ... okay on input line 62.
LaTeX Font Info:    Checking defaults for U/cmr/m/n on input line 62.
LaTeX Font Info:    ... okay on input line 62.
LaTeX Font Info:    Checking defaults for PD1/pdf/m/n on input line 62.
LaTeX Font Info:    ... okay on input line 62.
LaTeX Font Info:    Try loading font information for OT1+ptm on input line 62.

(C:\CTEX\MiKTeX\tex\latex\psnfss\ot1ptm.fd
File: ot1ptm.fd 2001/06/04 font definitions for OT1/ptm.
)
ABD: EveryShipout initializing macros
(C:\CTEX\MiKTeX\tex\latex\graphics\color.sty
Package: color 2005/11/14 v1.0j Standard LaTeX Color (DPC)

(C:\CTEX\MiKTeX\tex\latex\00miktex\color.cfg
File: color.cfg 2007/01/18 v1.5 color configuration of teTeX/TeXLive
)
Package color Info: Driver file: dvips.def on input line 130.

(C:\CTEX\MiKTeX\tex\latex\graphics\dvipsnam.def
File: dvipsnam.def 1999/02/16 v3.0i Driver-dependant file (DPC,SPQR)
))
Package hyperref Info: Link coloring ON on input line 62.

(C:\CTEX\MiKTeX\tex\latex\hyperref\nameref.sty
Package: nameref 2009/12/18 v2.35 Cross-referencing by name of section

(C:\CTEX\MiKTeX\tex\latex\oberdiek\refcount.sty
Package: refcount 2008/08/11 v3.1 Data extraction from references (HO)
)
(C:\CTEX\MiKTeX\tex\generic\oberdiek\gettitlestring.sty
Package: gettitlestring 2009/12/18 v1.3 Cleanup title references (HO)
)
\c@section@level=\count125
)
LaTeX Info: Redefining \ref on input line 62.
LaTeX Info: Redefining \pageref on input line 62.
\AtBeginShipoutBox=\box58
Package atbegshi Info: Package `everyshi' patched.
LaTeX Font Info:    Font shape `OT1/ptm/bx/n' in size <17.28> not available
(Font)              Font shape `OT1/ptm/b/n' tried instead on input line 88.
LaTeX Font Info:    Try loading font information for U+msa on input line 88.

(C:\CTEX\MiKTeX\tex\latex\amsfonts\umsa.fd
File: umsa.fd 2009/06/22 v3.00 AMS symbols A
)
LaTeX Font Info:    Try loading font information for U+msb on input line 88.

(C:\CTEX\MiKTeX\tex\latex\amsfonts\umsb.fd
File: umsb.fd 2009/06/22 v3.00 AMS symbols B
)
LaTeX Font Info:    Font shape `OT1/ptm/bx/n' in size <14.4> not available
(Font)              Font shape `OT1/ptm/b/n' tried instead on input line 91.

("D:\My research\00current\MICRO 2011\crmae\abstract.tex"
LaTeX Font Info:    Font shape `OT1/ptm/bx/n' in size <12> not available
(Font)              Font shape `OT1/ptm/b/n' tried instead on input line 29.
LaTeX Font Info:    Try loading font information for OT1+phv on input line 29.

(C:\CTEX\MiKTeX\tex\latex\psnfss\ot1phv.fd
File: ot1phv.fd 2001/06/04 scalable font definitions for OT1/phv.
) [1

])
("D:\My research\00current\MICRO 2011\crmae\introduction.tex" [2] [3] [4])
("D:\My research\00current\MICRO 2011\crmae\design.tex"
File: figures/stt-cell.eps Graphic file (type eps)
 <figures/stt-cell.eps>
File: figures/IcWt.eps Graphic file (type eps)

<figures/IcWt.eps> [5]
LaTeX Font Info:    Font shape `OT1/ptm/bx/n' in size <10.95> not available
(Font)              Font shape `OT1/ptm/b/n' tried instead on input line 69.
 [6]
File: figures/RT_TB.eps Graphic file (type eps)
 <figures/RT_TB.eps> [7] [8]
File: figures/i_vs_t.eps Graphic file (type eps)
 <figures/i_vs_t.eps>
[9]) ("D:\My research\00current\MICRO 2011\crmae\motivation.tex"
File: figures/parsec-hist.eps Graphic file (type eps)

<figures/parsec-hist.eps>
File: figures/spec-hist.eps Graphic file (type eps)
 <figures/spec-hist.eps>
Overfull \hbox (18.59041pt too wide) in paragraph at lines 17--23
 [][][] 
 []

[10] [11]) ("D:\My research\00current\MICRO 2011\crmae\implementation.tex"
File: figures/arch.eps Graphic file (type eps)

<figures/arch.eps> [12] [13]
LaTeX Font Info:    Try loading font information for OMS+ptm on input line 92.
 (C:\CTEX\MiKTeX\tex\latex\psnfss\omsptm.fd
File: omsptm.fd 
)
LaTeX Font Info:    Font shape `OMS/ptm/m/n' in size <12> not available
(Font)              Font shape `OMS/cmsy/m/n' tried instead on input line 92.

[14]
File: figures/cdf.eps Graphic file (type eps)
 <figures/cdf.eps>)
("D:\My research\00current\MICRO 2011\crmae\evaluation.tex" [15] [16]) [17]
("D:\My research\00current\MICRO 2011\crmae\results.tex"
File: figures/legend-spec.eps Graphic file (type eps)

<figures/legend-spec.eps>
File: figures/writebacks.eps Graphic file (type eps)
 <figures/writebacks.eps>
File: figures/spec-writebacks.eps Graphic file (type eps)

<figures/spec-writebacks.eps>
File: figures/parsec-speedup.eps Graphic file (type eps)
 <figures/parsec-speedup.eps>
Overfull \hbox (1.82426pt too wide) in paragraph at lines 23--24
 [][][] 
 []

[18] [19] [20]
File: figures/spec-ws.eps Graphic file (type eps)
 <figures/spec-ws.eps>
File: figures/legend.eps Graphic file (type eps)
 <figures/legend.eps>
File: figures/leak-eng.eps Graphic file (type eps)

<figures/leak-eng.eps>
File: figures/dyn-eng.eps Graphic file (type eps)
 <figures/dyn-eng.eps>
File: figures/tot-eng.eps Graphic file (type eps)
 <figures/tot-eng.eps> [21]
[22]
File: figures/confi.eps Graphic file (type eps)
 <figures/confi.eps>
File: figures/buffer.eps Graphic file (type eps)
 <figures/buffer.eps>
File: figures/slots.eps Graphic file (type eps)
 <figures/slots.eps>
Overfull \hbox (18.57845pt too wide) in paragraph at lines 177--182
 [][][] 
 []

[23]) ("D:\My research\00current\MICRO 2011\crmae\prior.tex" [24] [25])
("D:\My research\00current\MICRO 2011\crmae\conclusions.tex" [26])
("D:\My research\00current\MICRO 2011\crmae\mram.bbl"
("D:\My research\00current\MICRO 2011\crmae\mram.brf")
\tf@brf=\write3
 [27])
Package atveryend Info: Empty hook `BeforeClearDocument' on input line 144.
 [28]
Package atveryend Info: Empty hook `AfterLastShipout' on input line 144.

("D:\My research\00current\MICRO 2011\crmae\mram.aux")
Package atveryend Info: Executing hook `AtVeryEndDocument' on input line 144.
Package rerunfilecheck Info: File `mram.brf' has not changed.
(rerunfilecheck)             Checksum: 1DF8DB3AAC5F0778B8A0ABF5D3247641;2401.
 ) 
Here is how much of TeX's memory you used:
 6158 strings out of 495286
 88458 string characters out of 3181609
 172112 words of memory out of 3000000
 9160 multiletter control sequences out of 15000+200000
 21884 words of font info for 69 fonts, out of 3000000 for 9000
 14 hyphenation exceptions out of 8191
 42i,11n,33p,2183b,468s stack positions out of 5000i,500n,10000p,200000b,50000s

Output written on mram.dvi (28 pages, 190160 bytes).
