This is pdfeTeX, Version 3.141592-1.21a-2.2 (Web2C 7.5.4) (format=latex 2005.7.1)  24 MAY 2011 16:32
entering extended mode
**mram
(./mram.tex
LaTeX2e <2003/12/01>
Babel <v3.8d> and hyphenation patterns for american, french, german, ngerman, b
ahasa, basque, bulgarian, catalan, croatian, czech, danish, dutch, esperanto, e
stonian, finnish, greek, icelandic, irish, italian, latin, magyar, norsk, polis
h, portuges, romanian, russian, serbian, slovak, slovene, spanish, swedish, tur
kish, ukrainian, nohyphenation, loaded.
(/opt/csw/share/texmf-dist/tex/latex/base/article.cls
Document Class: article 2004/02/16 v1.4f Standard LaTeX document class
(/opt/csw/share/texmf-dist/tex/latex/base/size12.clo
File: size12.clo 2004/02/16 v1.4f Standard LaTeX file (size option)
)
\c@part=\count79
\c@section=\count80
\c@subsection=\count81
\c@subsubsection=\count82
\c@paragraph=\count83
\c@subparagraph=\count84
\c@figure=\count85
\c@table=\count86
\abovecaptionskip=\skip41
\belowcaptionskip=\skip42
\bibindent=\dimen102
)
(/opt/csw/share/texmf-dist/tex/latex/setspace/setspace.sty
Package: setspace 2000/12/01 6.7 Contributed and Supported LaTeX2e package

Package: `setspace' 6.7 <2000/12/01>
) (./iccv.sty (./eso-pic.sty
Package: eso-pic 2002/11/16 v1.1b eso-pic (RN)
 (./iccv_eso.sty

LaTeX Warning: You have requested package `eso-pic',
               but the package provides `everyshi'.

Package: everyshi 2001/05/15 v3.00 EveryShipout Package (MS)
) (/opt/csw/share/texmf-dist/tex/latex/graphics/keyval.sty
Package: keyval 1999/03/16 v1.13 key=value parser (DPC)
\KV@toks@=\toks14
))
(/opt/csw/share/texmf-dist/tex/latex/tools/xspace.sty
Package: xspace 1997/10/13 v1.06 Space after command names (DPC)
)
MICRO 8.5 x 11-Inch Proceedings Style `iccv.sty'.
\@ctmp=\skip43
\@figindent=\skip44
\iccvrulerbox=\box26
\iccvrulercount=\count87
\iccvruleroffset=\dimen103
\cv@lineheight=\dimen104
\cv@boxheight=\dimen105
\cv@tmpbox=\box27
\cv@refno=\count88
\cv@tot=\count89
\cv@tmpc@=\count90
\cv@tmpc=\count91
) (/opt/csw/share/texmf-dist/tex/latex/psnfss/times.sty
Package: times 2004/09/15 PSNFSS-v9.2 (SPQR) 
)
(/opt/csw/share/texmf-dist/tex/latex/subfigure/subfigure.sty
Package: subfigure 2002/07/30 v2.1.4 subfigure package
\subfigtopskip=\skip45
\subfigcapskip=\skip46
\subfigcaptopadj=\dimen106
\subfigbottomskip=\skip47
\subfigcapmargin=\dimen107
\subfiglabelskip=\skip48
\c@subfigure=\count92
\c@lofdepth=\count93
\c@subtable=\count94
\c@lotdepth=\count95

****************************************
* Local config file subfigure.cfg used *
****************************************
(/opt/csw/share/texmf-dist/tex/latex/subfigure/subfigure.cfg)
\subfig@top=\skip49
\subfig@bottom=\skip50
)
(/opt/csw/share/texmf-dist/tex/latex/multirow/multirow.sty
\bigstrutjot=\dimen108
)
(/opt/csw/share/texmf-dist/tex/latex/tools/multicol.sty
Package: multicol 2004/02/14 v1.6e multicolumn formatting (FMi)
\c@tracingmulticols=\count96
\mult@box=\box28
\multicol@leftmargin=\dimen109
\c@unbalance=\count97
\c@collectmore=\count98
\doublecol@number=\count99
\multicoltolerance=\count100
\multicolpretolerance=\count101
\full@width=\dimen110
\page@free=\dimen111
\premulticols=\dimen112
\postmulticols=\dimen113
\multicolsep=\skip51
\multicolbaselineskip=\skip52
\partial@page=\box29
\last@line=\box30
\mult@rightbox=\box31
\mult@grightbox=\box32
\mult@gfirstbox=\box33
\mult@firstbox=\box34
\@tempa=\box35
\@tempa=\box36
\@tempa=\box37
\@tempa=\box38
\@tempa=\box39
\@tempa=\box40
\@tempa=\box41
\@tempa=\box42
\@tempa=\box43
\@tempa=\box44
\@tempa=\box45
\@tempa=\box46
\@tempa=\box47
\@tempa=\box48
\@tempa=\box49
\@tempa=\box50
\@tempa=\box51
\c@columnbadness=\count102
\c@finalcolumnbadness=\count103
\last@try=\dimen114
\multicolovershoot=\dimen115
\multicolundershoot=\dimen116
\mult@nat@firstbox=\box52
\colbreak@box=\box53
)
(/opt/csw/share/texmf-dist/tex/latex/wrapfig/wrapfig.sty
\wrapoverhang=\dimen117
\WF@size=\dimen118
\c@WF@wrappedlines=\count104
\WF@box=\box54
\WF@everypar=\toks15
Package: wrapfig 2003/01/31  v 3.6
)
(/opt/csw/share/texmf-dist/tex/latex/graphics/epsfig.sty
Package: epsfig 1999/02/16 v1.7a (e)psfig emulation (SPQR)

(/opt/csw/share/texmf-dist/tex/latex/graphics/graphicx.sty
Package: graphicx 1999/02/16 v1.0f Enhanced LaTeX Graphics (DPC,SPQR)

(/opt/csw/share/texmf-dist/tex/latex/graphics/graphics.sty
Package: graphics 2001/07/07 v1.0n Standard LaTeX Graphics (DPC,SPQR)

(/opt/csw/share/texmf-dist/tex/latex/graphics/trig.sty
Package: trig 1999/03/16 v1.09 sin cos tan (DPC)
)
(/opt/csw/share/texmf-dist/tex/latex/graphics/graphics.cfg
File: graphics.cfg 2005/02/03 v1.3 graphics configuration of teTeX/TeXLive
)
Package graphics Info: Driver file: dvips.def on input line 80.

(/opt/csw/share/texmf-dist/tex/latex/graphics/dvips.def
File: dvips.def 1999/02/16 v3.0i Driver-dependant file (DPC,SPQR)
))
\Gin@req@height=\dimen119
\Gin@req@width=\dimen120
)
\epsfxsize=\dimen121
\epsfysize=\dimen122
)
(/opt/csw/share/texmf-dist/tex/latex/amsmath/amsmath.sty
Package: amsmath 2000/07/18 v2.13 AMS math features
\@mathmargin=\skip53

For additional information on amsmath, use the `?' option.
(/opt/csw/share/texmf-dist/tex/latex/amsmath/amstext.sty
Package: amstext 2000/06/29 v2.01

(/opt/csw/share/texmf-dist/tex/latex/amsmath/amsgen.sty
File: amsgen.sty 1999/11/30 v2.0
\@emptytoks=\toks16
\ex@=\dimen123
))
(/opt/csw/share/texmf-dist/tex/latex/amsmath/amsbsy.sty
Package: amsbsy 1999/11/29 v1.2d
\pmbraise@=\dimen124
)
(/opt/csw/share/texmf-dist/tex/latex/amsmath/amsopn.sty
Package: amsopn 1999/12/14 v2.01 operator names
)
\inf@bad=\count105
LaTeX Info: Redefining \frac on input line 211.
\uproot@=\count106
\leftroot@=\count107
LaTeX Info: Redefining \overline on input line 307.
\classnum@=\count108
\DOTSCASE@=\count109
LaTeX Info: Redefining \ldots on input line 379.
LaTeX Info: Redefining \dots on input line 382.
LaTeX Info: Redefining \cdots on input line 467.
\Mathstrutbox@=\box55
\strutbox@=\box56
\big@size=\dimen125
LaTeX Font Info:    Redeclaring font encoding OML on input line 567.
LaTeX Font Info:    Redeclaring font encoding OMS on input line 568.
\macc@depth=\count110
\c@MaxMatrixCols=\count111
\dotsspace@=\muskip10
\c@parentequation=\count112
\dspbrk@lvl=\count113
\tag@help=\toks17
\row@=\count114
\column@=\count115
\maxfields@=\count116
\andhelp@=\toks18
\eqnshift@=\dimen126
\alignsep@=\dimen127
\tagshift@=\dimen128
\tagwidth@=\dimen129
\totwidth@=\dimen130
\lineht@=\dimen131
\@envbody=\toks19
\multlinegap=\skip54
\multlinetaggap=\skip55
\mathdisplay@stack=\toks20
LaTeX Info: Redefining \[ on input line 2666.
LaTeX Info: Redefining \] on input line 2667.
)
(/opt/csw/share/texmf-dist/tex/latex/amsfonts/amssymb.sty
Package: amssymb 2002/01/22 v2.2d

(/opt/csw/share/texmf-dist/tex/latex/amsfonts/amsfonts.sty
Package: amsfonts 2001/10/25 v2.2f
\symAMSa=\mathgroup4
\symAMSb=\mathgroup5
LaTeX Font Info:    Overwriting math alphabet `\mathfrak' in version `bold'
(Font)                  U/euf/m/n --> U/euf/b/n on input line 132.
))
(/opt/csw/share/texmf-dist/tex/latex/hyperref/hyperref.sty
Package: hyperref 2003/11/30 v6.74m Hypertext links for LaTeX
\@linkdim=\dimen132
\Hy@linkcounter=\count117
\Hy@pagecounter=\count118

(/opt/csw/share/texmf-dist/tex/latex/hyperref/pd1enc.def
File: pd1enc.def 2003/11/30 v6.74m Hyperref: PDFDocEncoding definition (HO)
)
(/opt/csw/share/texmf-dist/tex/latex/hyperref/hyperref.cfg
File: hyperref.cfg 2002/06/06 v1.2 hyperref configuration of TeXLive and teTeX
)
Package hyperref Info: Option `breaklinks' set `true' on input line 1830.
Package hyperref Info: Option `colorlinks' set `true' on input line 1830.
Package hyperref Info: Option `bookmarks' set `false' on input line 1830.
Package hyperref Info: Hyper figures OFF on input line 1880.
Package hyperref Info: Link nesting OFF on input line 1885.
Package hyperref Info: Hyper index ON on input line 1888.
Package hyperref Info: Plain pages ON on input line 1893.
Package hyperref Info: Backreferencing ON on input line 1898.

Implicit mode ON; LaTeX internals redefined
Package hyperref Info: Bookmarks OFF on input line 2010.
(/opt/csw/share/texmf-dist/tex/latex/hyperref/backref.sty
Package: backref 2003/03/20 v1.23 Bibliographical back referencing
)
(/opt/csw/share/texmf-dist/tex/latex/url/url.sty
\Urlmuskip=\muskip11
Package: url 2004/03/15  ver 3.1  Verb mode for urls, etc.
)
LaTeX Info: Redefining \url on input line 2143.
\Fld@menulength=\count119
\Field@Width=\dimen133
\Fld@charsize=\dimen134
\Choice@toks=\toks21
\Field@toks=\toks22
Package hyperref Info: Hyper figures OFF on input line 2618.
Package hyperref Info: Link nesting OFF on input line 2623.
Package hyperref Info: Hyper index ON on input line 2626.
Package hyperref Info: backreferencing ON on input line 2631.
Package hyperref Info: Link coloring ON on input line 2636.
\c@Item=\count120
\c@Hfootnote=\count121
)
*hyperref using default driver hdvips*
(/opt/csw/share/texmf-dist/tex/latex/hyperref/hdvips.def
File: hdvips.def 2003/11/30 v6.74m Hyperref driver for dvips

(/opt/csw/share/texmf-dist/tex/latex/hyperref/pdfmark.def
File: pdfmark.def 2003/11/30 v6.74m Hyperref definitions for pdfmark specials
\pdf@docset=\toks23
\pdf@box=\box57
\pdf@toks=\toks24
\pdf@defaulttoks=\toks25
\Fld@listcount=\count122
\@outlinefile=\write3
)) (./mram.aux)
\openout1 = `mram.aux'.

LaTeX Font Info:    Checking defaults for OML/cmm/m/it on input line 32.
LaTeX Font Info:    ... okay on input line 32.
LaTeX Font Info:    Checking defaults for T1/cmr/m/n on input line 32.
LaTeX Font Info:    ... okay on input line 32.
LaTeX Font Info:    Checking defaults for OT1/cmr/m/n on input line 32.
LaTeX Font Info:    ... okay on input line 32.
LaTeX Font Info:    Checking defaults for OMS/cmsy/m/n on input line 32.
LaTeX Font Info:    ... okay on input line 32.
LaTeX Font Info:    Checking defaults for OMX/cmex/m/n on input line 32.
LaTeX Font Info:    ... okay on input line 32.
LaTeX Font Info:    Checking defaults for U/cmr/m/n on input line 32.
LaTeX Font Info:    ... okay on input line 32.
LaTeX Font Info:    Checking defaults for PD1/pdf/m/n on input line 32.
LaTeX Font Info:    ... okay on input line 32.
LaTeX Font Info:    Try loading font information for OT1+ptm on input line 32.

(/opt/csw/share/texmf-dist/tex/latex/psnfss/ot1ptm.fd
File: ot1ptm.fd 2001/06/04 font definitions for OT1/ptm.
)
ABD: EveryShipout initializing macros
(/opt/csw/share/texmf-dist/tex/latex/graphics/color.sty
Package: color 1999/02/16 v1.0i Standard LaTeX Color (DPC)

(/opt/csw/share/texmf-dist/tex/latex/graphics/color.cfg
File: color.cfg 2005/02/03 v1.3 color configuration of teTeX/TeXLive
)
Package color Info: Driver file: dvips.def on input line 125.

(/opt/csw/share/texmf-dist/tex/latex/graphics/dvipsnam.def
File: dvipsnam.def 1999/02/16 v3.0i Driver-dependant file (DPC,SPQR)
))
Package hyperref Info: Link coloring ON on input line 32.

(/opt/csw/share/texmf-dist/tex/latex/hyperref/nameref.sty
Package: nameref 2003/12/03 v2.21 Cross-referencing by name of section
\c@section@level=\count123
)
LaTeX Info: Redefining \ref on input line 32.
LaTeX Info: Redefining \pageref on input line 32.
LaTeX Font Info:    Font shape `OT1/ptm/bx/n' in size <17.28> not available
(Font)              Font shape `OT1/ptm/b/n' tried instead on input line 56.
LaTeX Font Info:    Try loading font information for U+msa on input line 56.

(/opt/csw/share/texmf-dist/tex/latex/amsfonts/umsa.fd
File: umsa.fd 2002/01/19 v2.2g AMS font definitions
)
LaTeX Font Info:    Try loading font information for U+msb on input line 56.

(/opt/csw/share/texmf-dist/tex/latex/amsfonts/umsb.fd
File: umsb.fd 2002/01/19 v2.2g AMS font definitions
)
LaTeX Font Info:    Font shape `OT1/ptm/bx/n' in size <14.4> not available
(Font)              Font shape `OT1/ptm/b/n' tried instead on input line 59.
 (./abstract.tex
LaTeX Font Info:    Font shape `OT1/ptm/bx/n' in size <12> not available
(Font)              Font shape `OT1/ptm/b/n' tried instead on input line 26.
LaTeX Font Info:    Try loading font information for OT1+phv on input line 26.

(/opt/csw/share/texmf-dist/tex/latex/psnfss/ot1phv.fd
File: ot1phv.fd 2001/06/04 scalable font definitions for OT1/phv.
) [1

]) (./introduction.tex) (./motivation.tex
File: figures/motiv.eps Graphic file (type eps)
 <figures/motiv.eps>
LaTeX Font Info:    Font shape `OT1/ptm/bx/n' in size <8> not available
(Font)              Font shape `OT1/ptm/b/n' tried instead on input line 5.
 [2]
File: figures/motiv.eps Graphic file (type eps)
 <figures/motiv.eps>
File: figures/motiv.eps Graphic file (type eps)

<figures/motiv.eps> [3] [4]
File: figures/motiv.eps Graphic file (type eps)
 <figures/motiv.eps>
File: figures/motiv.eps Graphic file (type eps)
 <figures/motiv.eps>
File: figures/motiv.eps Graphic file (type eps)

<figures/motiv.eps>
File: figures/motiv.eps Graphic file (type eps)
 <figures/motiv.eps> [5]
File: figures/motiv.eps Graphic file (type eps)
 <figures/motiv.eps>
File: figures/motiv.eps Graphic file (type eps)

<figures/motiv.eps>
File: figures/motiv.eps Graphic file (type eps)
 <figures/motiv.eps>
Overfull \hbox (2.28001pt too wide) in paragraph at lines 152--167
[]$[]$  $[]$ 
 []

) [6] [7] (./design.tex) (./implementation.tex) (./evaluation.tex)
(./results.tex) (./prior.tex) (./conclusions.tex) (./mram.bbl (./mram.brf)
\tf@brf=\write4
\openout4 = `mram.brf'.

LaTeX Font Info:    Try loading font information for OT1+pcr on input line 7.

(/opt/csw/share/texmf-dist/tex/latex/psnfss/ot1pcr.fd
File: ot1pcr.fd 2001/06/04 font definitions for OT1/pcr.
)) [8] (./mram.aux) ) 
Here is how much of TeX's memory you used:
 4033 strings out of 94501
 53521 string characters out of 1161794
 113665 words of memory out of 1000000
 7098 multiletter control sequences out of 10000+50000
 18678 words of font info for 58 fonts, out of 500000 for 2000
 580 hyphenation exceptions out of 1000
 34i,11n,30p,216b,383s stack positions out of 1500i,500n,5000p,200000b,5000s

Output written on mram.dvi (8 pages, 48028 bytes).
